/*C4*/SET SCHEMA PUBLIC
DISCONNECT
/*C5*/SET SCHEMA PUBLIC
set schema PUBLIC
/*C6*/SET SCHEMA PUBLIC
DISCONNECT
/*C7*/SET SCHEMA PUBLIC
CREATE TABLE PUBLIC.User\u000a(\u000a    id INT NOT NULL,\u000a    name CHAR NOT NULL\u000a)
DISCONNECT
/*C8*/SET SCHEMA PUBLIC
DISCONNECT
/*C9*/SET SCHEMA PUBLIC
ALTER TABLE PUBLIC.USER ADD email CHAR NOT NULL
DISCONNECT
/*C10*/SET SCHEMA PUBLIC
ALTER TABLE PUBLIC.USER ADD password CHAR NOT NULL
DISCONNECT
/*C11*/SET SCHEMA PUBLIC
CREATE TABLE PUBLIC.Role\u000a(\u000a    id INT NOT NULL,\u000a    name CHAR NOT NULL\u000a)
DISCONNECT
/*C12*/SET SCHEMA PUBLIC
CREATE TABLE PUBLIC.Blog\u000a(\u000a    id INT NOT NULL,\u000a    url CHAR NOT NULL,\u000a    name CHAR NOT NULL\u000a)
DISCONNECT
/*C13*/SET SCHEMA PUBLIC
CREATE TABLE PUBLIC.Item\u000a(\u000a    id INT NOT NULL,\u000a    title CHAR NOT NULL,\u000a    description CHAR NOT NULL,\u000a    publishedDate DATE NOT NULL,\u000a    Link CHAR NOT NULL\u000a)
DISCONNECT
/*C5*/DISCONNECT
